0 info it worked if it ends with ok
1 verbose cli [ '/usr/local/bin/node',
1 verbose cli   '/usr/local/bin/npm',
1 verbose cli   'run',
1 verbose cli   'styles:watch' ]
2 info using npm@3.10.3
3 info using node@v6.5.0
4 verbose run-script [ 'prestyles:watch', 'styles:watch', 'poststyles:watch' ]
5 info lifecycle cotd@0.0.1~prestyles:watch: cotd@0.0.1
6 silly lifecycle cotd@0.0.1~prestyles:watch: no script for prestyles:watch, continuing
7 info lifecycle cotd@0.0.1~styles:watch: cotd@0.0.1
8 verbose lifecycle cotd@0.0.1~styles:watch: unsafe-perm in lifecycle true
9 verbose lifecycle cotd@0.0.1~styles:watch: PATH: /usr/local/lib/node_modules/npm/bin/node-gyp-bin:/Users/marianserna/www/xoxo/node_modules/.bin:/usr/local/bin:/usr/local/lib/node_modules/npm/bin/node-gyp-bin:/Users/marianserna/www/xoxo/node_modules/.bin:/usr/local/bin:/usr/local/sbin:/usr/local/sbin:/Users/marianserna/.rbenv/shims:/usr/local/bin:/usr/bin:/bin:/usr/sbin:/sbin
10 verbose lifecycle cotd@0.0.1~styles:watch: CWD: /Users/marianserna/www/xoxo
11 silly lifecycle cotd@0.0.1~styles:watch: Args: [ '-c',
11 silly lifecycle   'stylus -u autoprefixer-stylus -w ./src/css/style.styl -o ./src/css/style.css' ]
12 silly lifecycle cotd@0.0.1~styles:watch: Returned: code: 1  signal: null
13 info lifecycle cotd@0.0.1~styles:watch: Failed to exec styles:watch script
14 verbose stack Error: cotd@0.0.1 styles:watch: `stylus -u autoprefixer-stylus -w ./src/css/style.styl -o ./src/css/style.css`
14 verbose stack Exit status 1
14 verbose stack     at EventEmitter.<anonymous> (/usr/local/lib/node_modules/npm/lib/utils/lifecycle.js:242:16)
14 verbose stack     at emitTwo (events.js:106:13)
14 verbose stack     at EventEmitter.emit (events.js:191:7)
14 verbose stack     at ChildProcess.<anonymous> (/usr/local/lib/node_modules/npm/lib/utils/spawn.js:40:14)
14 verbose stack     at emitTwo (events.js:106:13)
14 verbose stack     at ChildProcess.emit (events.js:191:7)
14 verbose stack     at maybeClose (internal/child_process.js:877:16)
14 verbose stack     at Process.ChildProcess._handle.onexit (internal/child_process.js:226:5)
15 verbose pkgid cotd@0.0.1
16 verbose cwd /Users/marianserna/www/xoxo
17 error Darwin 15.6.0
18 error argv "/usr/local/bin/node" "/usr/local/bin/npm" "run" "styles:watch"
19 error node v6.5.0
20 error npm  v3.10.3
21 error code ELIFECYCLE
22 error cotd@0.0.1 styles:watch: `stylus -u autoprefixer-stylus -w ./src/css/style.styl -o ./src/css/style.css`
22 error Exit status 1
23 error Failed at the cotd@0.0.1 styles:watch script 'stylus -u autoprefixer-stylus -w ./src/css/style.styl -o ./src/css/style.css'.
23 error Make sure you have the latest version of node.js and npm installed.
23 error If you do, this is most likely a problem with the cotd package,
23 error not with npm itself.
23 error Tell the author that this fails on your system:
23 error     stylus -u autoprefixer-stylus -w ./src/css/style.styl -o ./src/css/style.css
23 error You can get information on how to open an issue for this project with:
23 error     npm bugs cotd
23 error Or if that isn't available, you can get their info via:
23 error     npm owner ls cotd
23 error There is likely additional logging output above.
24 verbose exit [ 1, true ]
